Arguments: 
  C:\Program Files\nodejs\node.exe C:\Users\tombl\AppData\Roaming\npm\node_modules\yarn\bin\yarn.js install

PATH: 
  C:\Program Files (x86)\Nice Systems\NICE Player Codec Pack\\;C:\Python39\Scripts\;C:\Python39\;C:\windows\system32;C:\windows;C:\windows\System32\Wbem;C:\windows\System32\WindowsPowerShell\v1.0\;C:\windows\System32\OpenSSH\;C:\ProgramData\chocolatey\bin;C:\Program Files (x86)\NICE Systems\NICE Player Release 6\\;C:\Program Files\Git\cmd;C:\Program Files\nodejs\;C:\Users\tombl\Documents\Code\compound-protocol\script\test;;%SystemRoot%\system32;%SystemRoot%;%SystemRoot%\System32\Wbem;%SYSTEMROOT%\System32\WindowsPowerShell\v1.0\;%SYSTEMROOT%\System32\OpenSSH\;C:\Users\tombl\AppData\Local\Microsoft\WindowsApps;C:\Users\tombl\AppData\Local\Programs\Microsoft VS Code\bin;C:\Users\tombl\AppData\Local\GitHubDesktop\bin;C:\Users\tombl\AppData\Roaming\npm;

Yarn version: 
  1.22.10

Node version: 
  14.15.4

Platform: 
  win32 x64

Trace: 
  SyntaxError: C:\Users\tombl\Documents\Code\Vibranium\package.json: Unexpected string in JSON at position 85
      at JSON.parse (<anonymous>)
      at C:\Users\tombl\AppData\Roaming\npm\node_modules\yarn\lib\cli.js:1625:59
      at Generator.next (<anonymous>)
      at step (C:\Users\tombl\AppData\Roaming\npm\node_modules\yarn\lib\cli.js:310:30)
      at C:\Users\tombl\AppData\Roaming\npm\node_modules\yarn\lib\cli.js:321:13

npm manifest: 
  {
    "name": "Vibranium",
    "homepage": "https://wakandacapital.net/app/admin-page"
    "version": "1.0.0",
    "description": "",
    "main": "index.js",
    "scripts": {
      "test": "react-scripts test",
      "start": "react-scripts start",
      "predeploy": "npm run build",
      "deploy": "gh-pages -d build",
      "build": "react-scripts build",
      "eject": "react-scripts eject"
    },
    "keywords": [],
    "author": "",
    "license": "ISC",
    "devDependencies": {
      "@openzeppelin/contracts": "^4.1.0"
    },
    "dependencies": {
      "@truffle/hdwallet-provider": "^1.4.0",
      "chai": "^4.3.4",
      "chai-as-promised": "^7.1.1",
      "react-scripts": "^4.0.3",
      "web3": "^1.3.6"
    }
  }

yarn manifest: 
  No manifest

Lockfile: 
  No lockfile
